[2025-05-29T19:51:19.773+0000] {taskinstance.py:1956} INFO - Dependencies all met for dep_context=non-requeueable deps ti=<TaskInstance: Get_data_from_API.push_data_to_Gen2 manual__2025-05-29T19:51:15.263341+00:00 [queued]>
[2025-05-29T19:51:19.783+0000] {taskinstance.py:1956} INFO - Dependencies all met for dep_context=requeueable deps ti=<TaskInstance: Get_data_from_API.push_data_to_Gen2 manual__2025-05-29T19:51:15.263341+00:00 [queued]>
[2025-05-29T19:51:19.784+0000] {taskinstance.py:2170} INFO - Starting attempt 1 of 2
[2025-05-29T19:51:19.799+0000] {taskinstance.py:2191} INFO - Executing <Task(PythonOperator): push_data_to_Gen2> on 2025-05-29 19:51:15.263341+00:00
[2025-05-29T19:51:19.805+0000] {standard_task_runner.py:60} INFO - Started process 64 to run task
[2025-05-29T19:51:19.810+0000] {standard_task_runner.py:87} INFO - Running: ['***', 'tasks', 'run', 'Get_data_from_API', 'push_data_to_Gen2', 'manual__2025-05-29T19:51:15.263341+00:00', '--job-id', '4', '--raw', '--subdir', 'DAGS_FOLDER/get_api_data.py', '--cfg-path', '/tmp/tmp5w7339w0']
[2025-05-29T19:51:19.812+0000] {standard_task_runner.py:88} INFO - Job 4: Subtask push_data_to_Gen2
[2025-05-29T19:51:19.828+0000] {warnings.py:109} WARNING - /home/***/.local/lib/python3.8/site-packages/***/settings.py:194: DeprecationWarning: The sql_alchemy_conn option in [core] has been moved to the sql_alchemy_conn option in [database] - the old setting has been used, but please update your config.
  SQL_ALCHEMY_CONN = conf.get("database", "SQL_ALCHEMY_CONN")

[2025-05-29T19:51:19.871+0000] {task_command.py:423} INFO - Running <TaskInstance: Get_data_from_API.push_data_to_Gen2 manual__2025-05-29T19:51:15.263341+00:00 [running]> on host 51dc3b09fa13
[2025-05-29T19:51:19.983+0000] {taskinstance.py:2480} INFO - Exporting env vars: AIRFLOW_CTX_DAG_OWNER='jaxhacker' AIRFLOW_CTX_DAG_ID='Get_data_from_API' AIRFLOW_CTX_TASK_ID='push_data_to_Gen2' AIRFLOW_CTX_EXECUTION_DATE='2025-05-29T19:51:15.263341+00:00' AIRFLOW_CTX_TRY_NUMBER='1' AIRFLOW_CTX_DAG_RUN_ID='manual__2025-05-29T19:51:15.263341+00:00'
[2025-05-29T19:51:21.551+0000] {_universal.py:514} INFO - Request URL: 'https://hvhistoricaldata.dfs.core.windows.net/bronze/2025-05-28.parquet?resource=REDACTED'
Request method: 'PUT'
Request headers:
    'x-ms-version': 'REDACTED'
    'Accept': 'application/json'
    'User-Agent': 'azsdk-python-storage-dfs/12.14.0 Python/3.8.18 (Linux-5.15.153.1-microsoft-standard-WSL2-x86_64-with-glibc2.34)'
    'x-ms-date': 'REDACTED'
    'x-ms-client-request-id': '4b73056a-3cc6-11f0-b8e3-0242ac120005'
    'Authorization': 'REDACTED'
No body was attached to the request
[2025-05-29T19:51:21.789+0000] {_universal.py:550} INFO - Response status: 201
Response headers:
    'Last-Modified': 'Thu, 29 May 2025 19:51:22 GMT'
    'ETag': '"0x8DD9EEA30534AFC"'
    'Server': 'Windows-Azure-HDFS/1.0 Microsoft-HTTPAPI/2.0'
    'x-ms-request-server-encrypted': 'REDACTED'
    'x-ms-request-id': '03cf6b1d-101f-0024-1ed3-d0b98d000000'
    'x-ms-version': 'REDACTED'
    'x-ms-client-request-id': '4b73056a-3cc6-11f0-b8e3-0242ac120005'
    'Date': 'Thu, 29 May 2025 19:51:22 GMT'
    'Content-Length': '0'
[2025-05-29T19:51:21.792+0000] {_universal.py:511} INFO - Request URL: 'https://hvhistoricaldata.dfs.core.windows.net/bronze/2025-05-28.parquet?action=REDACTED&position=REDACTED'
Request method: 'PATCH'
Request headers:
    'Content-Length': '946844'
    'x-ms-version': 'REDACTED'
    'Content-Type': 'application/json'
    'Accept': 'application/json'
    'User-Agent': 'azsdk-python-storage-dfs/12.14.0 Python/3.8.18 (Linux-5.15.153.1-microsoft-standard-WSL2-x86_64-with-glibc2.34)'
    'x-ms-date': 'REDACTED'
    'x-ms-client-request-id': '4b97e0f6-3cc6-11f0-b8e3-0242ac120005'
    'Authorization': 'REDACTED'
A body is sent with the request
[2025-05-29T19:51:22.058+0000] {_universal.py:550} INFO - Response status: 202
Response headers:
    'Server': 'Windows-Azure-HDFS/1.0 Microsoft-HTTPAPI/2.0'
    'x-ms-request-server-encrypted': 'REDACTED'
    'x-ms-request-id': '03cf6b1e-101f-0024-1fd3-d0b98d000000'
    'x-ms-version': 'REDACTED'
    'x-ms-client-request-id': '4b97e0f6-3cc6-11f0-b8e3-0242ac120005'
    'Date': 'Thu, 29 May 2025 19:51:22 GMT'
    'Content-Length': '0'
[2025-05-29T19:51:22.060+0000] {_universal.py:514} INFO - Request URL: 'https://hvhistoricaldata.dfs.core.windows.net/bronze/2025-05-28.parquet?action=REDACTED&position=REDACTED&close=REDACTED'
Request method: 'PATCH'
Request headers:
    'If-Match': '"0x8DD9EEA30534AFC"'
    'x-ms-version': 'REDACTED'
    'Accept': 'application/json'
    'User-Agent': 'azsdk-python-storage-dfs/12.14.0 Python/3.8.18 (Linux-5.15.153.1-microsoft-standard-WSL2-x86_64-with-glibc2.34)'
    'x-ms-date': 'REDACTED'
    'x-ms-client-request-id': '4bc0c444-3cc6-11f0-b8e3-0242ac120005'
    'Authorization': 'REDACTED'
No body was attached to the request
[2025-05-29T19:51:22.104+0000] {_universal.py:550} INFO - Response status: 200
Response headers:
    'Last-Modified': 'Thu, 29 May 2025 19:51:22 GMT'
    'ETag': '"0x8DD9EEA30842114"'
    'Server': 'Windows-Azure-HDFS/1.0 Microsoft-HTTPAPI/2.0'
    'x-ms-request-server-encrypted': 'REDACTED'
    'x-ms-request-id': '03cf6b1f-101f-0024-20d3-d0b98d000000'
    'x-ms-version': 'REDACTED'
    'x-ms-client-request-id': '4bc0c444-3cc6-11f0-b8e3-0242ac120005'
    'Date': 'Thu, 29 May 2025 19:51:22 GMT'
    'Content-Length': '0'
[2025-05-29T19:51:22.117+0000] {python.py:201} INFO - Done. Returned value was: None
[2025-05-29T19:51:22.131+0000] {taskinstance.py:1138} INFO - Marking task as SUCCESS. dag_id=Get_data_from_API, task_id=push_data_to_Gen2, execution_date=20250529T195115, start_date=20250529T195119, end_date=20250529T195122
[2025-05-29T19:51:22.194+0000] {local_task_job_runner.py:234} INFO - Task exited with return code 0
[2025-05-29T19:51:22.215+0000] {taskinstance.py:3280} INFO - 0 downstream tasks scheduled from follow-on schedule check
